
Start-Date: 2024-04-22  23:47:32
Commandline: apt-get install --reinstall apt
Reinstall: apt:amd64 (2.7.14build2)
End-Date: 2024-04-22  23:47:33

Start-Date: 2024-04-22  23:47:34
Commandline: apt-get install --reinstall base-files
Reinstall: base-files:amd64 (13ubuntu10)
End-Date: 2024-04-22  23:47:35

Start-Date: 2024-04-22  23:47:36
Commandline: apt-get install --reinstall base-passwd
Reinstall: base-passwd:amd64 (3.6.3build1)
End-Date: 2024-04-22  23:47:37

Start-Date: 2024-04-22  23:47:38
Commandline: apt-get install --reinstall bash
Reinstall: bash:amd64 (5.2.21-2ubuntu4)
End-Date: 2024-04-22  23:47:39

Start-Date: 2024-04-22  23:47:40
Commandline: apt-get install --reinstall bsdutils
Reinstall: bsdutils:amd64 (1:2.39.3-9ubuntu6)
End-Date: 2024-04-22  23:47:41

Start-Date: 2024-04-22  23:47:42
Commandline: apt-get install --reinstall coreutils
Reinstall: coreutils:amd64 (9.4-3ubuntu6)
End-Date: 2024-04-22  23:47:43

Start-Date: 2024-04-22  23:47:44
Commandline: apt-get install --reinstall dash
Reinstall: dash:amd64 (0.5.12-6ubuntu5)
End-Date: 2024-04-22  23:47:45

Start-Date: 2024-04-22  23:47:46
Commandline: apt-get install --reinstall debconf
Reinstall: debconf:amd64 (1.5.86ubuntu1)
End-Date: 2024-04-22  23:47:47

Start-Date: 2024-04-22  23:47:49
Commandline: apt-get install --reinstall debianutils
Reinstall: debianutils:amd64 (5.17build1)
End-Date: 2024-04-22  23:47:49

Start-Date: 2024-04-22  23:47:51
Commandline: apt-get install --reinstall diffutils
Reinstall: diffutils:amd64 (1:3.10-1build1)
End-Date: 2024-04-22  23:47:51

Start-Date: 2024-04-22  23:47:53
Commandline: apt-get install --reinstall dpkg
Reinstall: dpkg:amd64 (1.22.6ubuntu6)
End-Date: 2024-04-22  23:47:54

Start-Date: 2024-04-22  23:47:55
Commandline: apt-get install --reinstall e2fsprogs
Reinstall: e2fsprogs:amd64 (1.47.0-2.4~exp1ubuntu4)
End-Date: 2024-04-22  23:47:56

Start-Date: 2024-04-22  23:47:57
Commandline: apt-get install --reinstall findutils
Reinstall: findutils:amd64 (4.9.0-5build1)
End-Date: 2024-04-22  23:47:58

Start-Date: 2024-04-22  23:47:59
Commandline: apt-get install --reinstall gcc-14-base:amd64
Reinstall: gcc-14-base:amd64 (14-20240412-0ubuntu1)
End-Date: 2024-04-22  23:48:00

Start-Date: 2024-04-22  23:48:01
Commandline: apt-get install --reinstall gpgv
Reinstall: gpgv:amd64 (2.4.4-2ubuntu17)
End-Date: 2024-04-22  23:48:02

Start-Date: 2024-04-22  23:48:03
Commandline: apt-get install --reinstall grep
Reinstall: grep:amd64 (3.11-4build1)
End-Date: 2024-04-22  23:48:04

Start-Date: 2024-04-22  23:48:05
Commandline: apt-get install --reinstall gzip
Reinstall: gzip:amd64 (1.12-1ubuntu3)
End-Date: 2024-04-22  23:48:06

Start-Date: 2024-04-22  23:48:07
Commandline: apt-get install --reinstall hostname
Reinstall: hostname:amd64 (3.23+nmu2ubuntu2)
End-Date: 2024-04-22  23:48:08

Start-Date: 2024-04-22  23:48:09
Commandline: apt-get install --reinstall init-system-helpers
Reinstall: init-system-helpers:amd64 (1.66ubuntu1)
End-Date: 2024-04-22  23:48:10

Start-Date: 2024-04-22  23:48:11
Commandline: apt-get install --reinstall libacl1:amd64
Reinstall: libacl1:amd64 (2.3.2-1build1)
End-Date: 2024-04-22  23:48:12

Start-Date: 2024-04-22  23:48:13
Commandline: apt-get install --reinstall libapt-pkg6.0t64:amd64
Reinstall: libapt-pkg6.0t64:amd64 (2.7.14build2)
End-Date: 2024-04-22  23:48:14

Start-Date: 2024-04-22  23:48:15
Commandline: apt-get install --reinstall libassuan0:amd64
Reinstall: libassuan0:amd64 (2.5.6-1build1)
End-Date: 2024-04-22  23:48:16

Start-Date: 2024-04-22  23:48:17
Commandline: apt-get install --reinstall libattr1:amd64
Reinstall: libattr1:amd64 (1:2.5.2-1build1)
End-Date: 2024-04-22  23:48:18

Start-Date: 2024-04-22  23:48:19
Commandline: apt-get install --reinstall libaudit-common
Reinstall: libaudit-common:amd64 (1:3.1.2-2.1build1)
End-Date: 2024-04-22  23:48:20

Start-Date: 2024-04-22  23:48:21
Commandline: apt-get install --reinstall libaudit1:amd64
Reinstall: libaudit1:amd64 (1:3.1.2-2.1build1)
End-Date: 2024-04-22  23:48:22

Start-Date: 2024-04-22  23:48:23
Commandline: apt-get install --reinstall libblkid1:amd64
Reinstall: libblkid1:amd64 (2.39.3-9ubuntu6)
End-Date: 2024-04-22  23:48:24

Start-Date: 2024-04-22  23:48:25
Commandline: apt-get install --reinstall libbz2-1.0:amd64
Reinstall: libbz2-1.0:amd64 (1.0.8-5.1)
End-Date: 2024-04-22  23:48:26

Start-Date: 2024-04-22  23:48:27
Commandline: apt-get install --reinstall libc-bin
Reinstall: libc-bin:amd64 (2.39-0ubuntu8)
End-Date: 2024-04-22  23:48:28

Start-Date: 2024-04-22  23:48:29
Commandline: apt-get install --reinstall libc6:amd64
Reinstall: libc6:amd64 (2.39-0ubuntu8)
End-Date: 2024-04-22  23:48:31

Start-Date: 2024-04-22  23:48:33
Commandline: apt-get install --reinstall libcap-ng0:amd64
Reinstall: libcap-ng0:amd64 (0.8.4-2build2)
End-Date: 2024-04-22  23:48:33

Start-Date: 2024-04-22  23:48:35
Commandline: apt-get install --reinstall libcap2:amd64
Reinstall: libcap2:amd64 (1:2.66-5ubuntu2)
End-Date: 2024-04-22  23:48:35

Start-Date: 2024-04-22  23:48:37
Commandline: apt-get install --reinstall libcom-err2:amd64
Reinstall: libcom-err2:amd64 (1.47.0-2.4~exp1ubuntu4)
End-Date: 2024-04-22  23:48:37

Start-Date: 2024-04-22  23:48:38
Commandline: apt-get install --reinstall libcrypt1:amd64
Reinstall: libcrypt1:amd64 (1:4.4.36-4build1)
End-Date: 2024-04-22  23:48:39

Start-Date: 2024-04-22  23:48:40
Commandline: apt-get install --reinstall libdebconfclient0:amd64
Reinstall: libdebconfclient0:amd64 (0.271ubuntu3)
End-Date: 2024-04-22  23:48:41

Start-Date: 2024-04-22  23:48:42
Commandline: apt-get install --reinstall libext2fs2t64:amd64
Reinstall: libext2fs2t64:amd64 (1.47.0-2.4~exp1ubuntu4)
End-Date: 2024-04-22  23:48:43

Start-Date: 2024-04-22  23:48:44
Commandline: apt-get install --reinstall libffi8:amd64
Reinstall: libffi8:amd64 (3.4.6-1build1)
End-Date: 2024-04-22  23:48:45

Start-Date: 2024-04-22  23:48:46
Commandline: apt-get install --reinstall libgcc-s1:amd64
Reinstall: libgcc-s1:amd64 (14-20240412-0ubuntu1)
End-Date: 2024-04-22  23:48:47

Start-Date: 2024-04-22  23:48:48
Commandline: apt-get install --reinstall libgcrypt20:amd64
Reinstall: libgcrypt20:amd64 (1.10.3-2build1)
End-Date: 2024-04-22  23:48:49

Start-Date: 2024-04-22  23:48:51
Commandline: apt-get install --reinstall libgmp10:amd64
Reinstall: libgmp10:amd64 (2:6.3.0+dfsg-2ubuntu6)
End-Date: 2024-04-22  23:48:51

Start-Date: 2024-04-22  23:48:52
Commandline: apt-get install --reinstall libgnutls30t64:amd64
Reinstall: libgnutls30t64:amd64 (3.8.3-1.1ubuntu3)
End-Date: 2024-04-22  23:48:53

Start-Date: 2024-04-22  23:48:55
Commandline: apt-get install --reinstall libgpg-error0:amd64
Reinstall: libgpg-error0:amd64 (1.47-3build2)
End-Date: 2024-04-22  23:48:55

Start-Date: 2024-04-22  23:48:57
Commandline: apt-get install --reinstall libhogweed6t64:amd64
Reinstall: libhogweed6t64:amd64 (3.9.1-2.2build1)
End-Date: 2024-04-22  23:48:57

Start-Date: 2024-04-22  23:48:58
Commandline: apt-get install --reinstall libidn2-0:amd64
Reinstall: libidn2-0:amd64 (2.3.7-2build1)
End-Date: 2024-04-22  23:48:59

Start-Date: 2024-04-22  23:49:00
Commandline: apt-get install --reinstall liblz4-1:amd64
Reinstall: liblz4-1:amd64 (1.9.4-1build1)
End-Date: 2024-04-22  23:49:01

Start-Date: 2024-04-22  23:49:02
Commandline: apt-get install --reinstall liblzma5:amd64
Reinstall: liblzma5:amd64 (5.6.1+really5.4.5-1)
End-Date: 2024-04-22  23:49:03

Start-Date: 2024-04-22  23:49:04
Commandline: apt-get install --reinstall libmd0:amd64
Reinstall: libmd0:amd64 (1.1.0-2build1)
End-Date: 2024-04-22  23:49:05

Start-Date: 2024-04-22  23:49:06
Commandline: apt-get install --reinstall libmount1:amd64
Reinstall: libmount1:amd64 (2.39.3-9ubuntu6)
End-Date: 2024-04-22  23:49:07

Start-Date: 2024-04-22  23:49:08
Commandline: apt-get install --reinstall libncursesw6:amd64
Reinstall: libncursesw6:amd64 (6.4+20240113-1ubuntu2)
End-Date: 2024-04-22  23:49:09

Start-Date: 2024-04-22  23:49:10
Commandline: apt-get install --reinstall libnettle8t64:amd64
Reinstall: libnettle8t64:amd64 (3.9.1-2.2build1)
End-Date: 2024-04-22  23:49:11

Start-Date: 2024-04-22  23:49:12
Commandline: apt-get install --reinstall libnpth0t64:amd64
Reinstall: libnpth0t64:amd64 (1.6-3.1build1)
End-Date: 2024-04-22  23:49:13

Start-Date: 2024-04-22  23:49:14
Commandline: apt-get install --reinstall libp11-kit0:amd64
Reinstall: libp11-kit0:amd64 (0.25.3-4ubuntu2)
End-Date: 2024-04-22  23:49:15

Start-Date: 2024-04-22  23:49:16
Commandline: apt-get install --reinstall libpam-modules:amd64
Reinstall: libpam-modules:amd64 (1.5.3-5ubuntu5)
End-Date: 2024-04-22  23:49:17

Start-Date: 2024-04-22  23:49:18
Commandline: apt-get install --reinstall libpam-modules-bin
Reinstall: libpam-modules-bin:amd64 (1.5.3-5ubuntu5)
End-Date: 2024-04-22  23:49:19

Start-Date: 2024-04-22  23:49:20
Commandline: apt-get install --reinstall libpam-runtime
Reinstall: libpam-runtime:amd64 (1.5.3-5ubuntu5)
End-Date: 2024-04-22  23:49:21

Start-Date: 2024-04-22  23:49:22
Commandline: apt-get install --reinstall libpam0g:amd64
Reinstall: libpam0g:amd64 (1.5.3-5ubuntu5)
End-Date: 2024-04-22  23:49:23

Start-Date: 2024-04-22  23:49:24
Commandline: apt-get install --reinstall libpcre2-8-0:amd64
Reinstall: libpcre2-8-0:amd64 (10.42-4ubuntu2)
End-Date: 2024-04-22  23:49:25

Start-Date: 2024-04-22  23:49:26
Commandline: apt-get install --reinstall libproc2-0:amd64
Reinstall: libproc2-0:amd64 (2:4.0.4-4ubuntu3)
End-Date: 2024-04-22  23:49:27

Start-Date: 2024-04-22  23:49:28
Commandline: apt-get install --reinstall libseccomp2:amd64
Reinstall: libseccomp2:amd64 (2.5.5-1ubuntu3)
End-Date: 2024-04-22  23:49:29

Start-Date: 2024-04-22  23:49:30
Commandline: apt-get install --reinstall libselinux1:amd64
Reinstall: libselinux1:amd64 (3.5-2ubuntu2)
End-Date: 2024-04-22  23:49:31

Start-Date: 2024-04-22  23:49:32
Commandline: apt-get install --reinstall libsemanage-common
Reinstall: libsemanage-common:amd64 (3.5-1build5)
End-Date: 2024-04-22  23:49:33

Start-Date: 2024-04-22  23:49:34
Commandline: apt-get install --reinstall libsemanage2:amd64
Reinstall: libsemanage2:amd64 (3.5-1build5)
End-Date: 2024-04-22  23:49:35

Start-Date: 2024-04-22  23:49:36
Commandline: apt-get install --reinstall libsepol2:amd64
Reinstall: libsepol2:amd64 (3.5-2build1)
End-Date: 2024-04-22  23:49:36

Start-Date: 2024-04-22  23:49:38
Commandline: apt-get install --reinstall libsmartcols1:amd64
Reinstall: libsmartcols1:amd64 (2.39.3-9ubuntu6)
End-Date: 2024-04-22  23:49:38

Start-Date: 2024-04-22  23:49:39
Commandline: apt-get install --reinstall libss2:amd64
Reinstall: libss2:amd64 (1.47.0-2.4~exp1ubuntu4)
End-Date: 2024-04-22  23:49:40

Start-Date: 2024-04-22  23:49:41
Commandline: apt-get install --reinstall libssl3t64:amd64
Reinstall: libssl3t64:amd64 (3.0.13-0ubuntu3)
End-Date: 2024-04-22  23:49:42

Start-Date: 2024-04-22  23:49:43
Commandline: apt-get install --reinstall libstdc++6:amd64
Reinstall: libstdc++6:amd64 (14-20240412-0ubuntu1)
End-Date: 2024-04-22  23:49:44

Start-Date: 2024-04-22  23:49:46
Commandline: apt-get install --reinstall libsystemd0:amd64
Reinstall: libsystemd0:amd64 (255.4-1ubuntu8)
End-Date: 2024-04-22  23:49:46

Start-Date: 2024-04-22  23:49:47
Commandline: apt-get install --reinstall libtasn1-6:amd64
Reinstall: libtasn1-6:amd64 (4.19.0-3build1)
End-Date: 2024-04-22  23:49:48

Start-Date: 2024-04-22  23:49:49
Commandline: apt-get install --reinstall libtinfo6:amd64
Reinstall: libtinfo6:amd64 (6.4+20240113-1ubuntu2)
End-Date: 2024-04-22  23:49:50

Start-Date: 2024-04-22  23:49:51
Commandline: apt-get install --reinstall libudev1:amd64
Reinstall: libudev1:amd64 (255.4-1ubuntu8)
End-Date: 2024-04-22  23:49:52

Start-Date: 2024-04-22  23:49:53
Commandline: apt-get install --reinstall libunistring5:amd64
Reinstall: libunistring5:amd64 (1.1-2build1)
End-Date: 2024-04-22  23:49:54

Start-Date: 2024-04-22  23:49:55
Commandline: apt-get install --reinstall libuuid1:amd64
Reinstall: libuuid1:amd64 (2.39.3-9ubuntu6)
End-Date: 2024-04-22  23:49:56

Start-Date: 2024-04-22  23:49:57
Commandline: apt-get install --reinstall libxxhash0:amd64
Reinstall: libxxhash0:amd64 (0.8.2-2build1)
End-Date: 2024-04-22  23:49:58

Start-Date: 2024-04-22  23:49:59
Commandline: apt-get install --reinstall libzstd1:amd64
Reinstall: libzstd1:amd64 (1.5.5+dfsg2-2build1)
End-Date: 2024-04-22  23:50:00

Start-Date: 2024-04-22  23:50:01
Commandline: apt-get install --reinstall login
Reinstall: login:amd64 (1:4.13+dfsg1-4ubuntu3)
End-Date: 2024-04-22  23:50:02

Start-Date: 2024-04-22  23:50:03
Commandline: apt-get install --reinstall logsave
Reinstall: logsave:amd64 (1.47.0-2.4~exp1ubuntu4)
End-Date: 2024-04-22  23:50:04

Start-Date: 2024-04-22  23:50:05
Commandline: apt-get install --reinstall mawk
Reinstall: mawk:amd64 (1.3.4.20240123-1build1)
End-Date: 2024-04-22  23:50:06

Start-Date: 2024-04-22  23:50:07
Commandline: apt-get install --reinstall mount
Reinstall: mount:amd64 (2.39.3-9ubuntu6)
End-Date: 2024-04-22  23:50:07

Start-Date: 2024-04-22  23:50:09
Commandline: apt-get install --reinstall ncurses-base
Reinstall: ncurses-base:amd64 (6.4+20240113-1ubuntu2)
End-Date: 2024-04-22  23:50:09

Start-Date: 2024-04-22  23:50:11
Commandline: apt-get install --reinstall ncurses-bin
Reinstall: ncurses-bin:amd64 (6.4+20240113-1ubuntu2)
End-Date: 2024-04-22  23:50:11

Start-Date: 2024-04-22  23:50:13
Commandline: apt-get install --reinstall passwd
Reinstall: passwd:amd64 (1:4.13+dfsg1-4ubuntu3)
End-Date: 2024-04-22  23:50:13

Start-Date: 2024-04-22  23:50:15
Commandline: apt-get install --reinstall perl-base
Reinstall: perl-base:amd64 (5.38.2-3.2build2)
End-Date: 2024-04-22  23:50:15

Start-Date: 2024-04-22  23:50:17
Commandline: apt-get install --reinstall procps
Reinstall: procps:amd64 (2:4.0.4-4ubuntu3)
End-Date: 2024-04-22  23:50:17

Start-Date: 2024-04-22  23:50:18
Commandline: apt-get install --reinstall sed
Reinstall: sed:amd64 (4.9-2build1)
End-Date: 2024-04-22  23:50:19

Start-Date: 2024-04-22  23:50:20
Commandline: apt-get install --reinstall sensible-utils
Reinstall: sensible-utils:amd64 (0.0.22)
End-Date: 2024-04-22  23:50:21

Start-Date: 2024-04-22  23:50:22
Commandline: apt-get install --reinstall sysvinit-utils
Reinstall: sysvinit-utils:amd64 (3.08-6ubuntu3)
End-Date: 2024-04-22  23:50:23

Start-Date: 2024-04-22  23:50:24
Commandline: apt-get install --reinstall tar
Reinstall: tar:amd64 (1.35+dfsg-3build1)
End-Date: 2024-04-22  23:50:25

Start-Date: 2024-04-22  23:50:26
Commandline: apt-get install --reinstall ubuntu-keyring
Reinstall: ubuntu-keyring:amd64 (2023.11.28.1)
End-Date: 2024-04-22  23:50:27

Start-Date: 2024-04-22  23:50:28
Commandline: apt-get install --reinstall util-linux
Reinstall: util-linux:amd64 (2.39.3-9ubuntu6)
End-Date: 2024-04-22  23:50:29

Start-Date: 2024-04-22  23:50:30
Commandline: apt-get install --reinstall zlib1g:amd64
Reinstall: zlib1g:amd64 (1:1.3.dfsg-3.1ubuntu2)
End-Date: 2024-04-22  23:50:31
